<?xml version="1.0" encoding="UTF-8"?>
<!-- Generated by org.testng.reporters.JUnitReportReporter -->
<testsuite hostname="Arafeh" failures="0" tests="1" name="FirstDatabaseProject.FirstTest.AppTest" time="0.540" errors="0" timestamp="2025-05-14T15:48:18 AST" skipped="0">
  <testcase classname="FirstDatabaseProject.FirstTest.AppTest" name="readdata" time="0.540"/>
  <system-out/>
</testsuite> <!-- FirstDatabaseProject.FirstTest.AppTest -->
